<?xml version="1.0" encoding="UTF-8"?>
<!-- Generated by org.testng.reporters.JUnitReportReporter -->
<testsuite hostname="DESKTOP-CST3LUL" failures="0" tests="8" name="testClasses.HomePageTestClass" time="56.562" errors="0" timestamp="2024-12-31T11:49:11 IST" skipped="2">
  <testcase classname="testClasses.HomePageTestClass" name="verifyAllTilesDisplayedOnHomePage" time="6.203"/>
  <testcase classname="testClasses.HomePageTestClass" name="verifyAllTilesDisplayedOnHomePage" time="6.919"/>
  <testcase classname="testClasses.HomePageTestClass" name="verifySuccessfulSignOut" time="6.994">
    <skipped/>
  </testcase> <!-- verifySuccessfulSignOut -->
  <testcase classname="testClasses.HomePageTestClass" name="verifySuccessfulSignOut" time="7.301">
    <skipped/>
  </testcase> <!-- verifySuccessfulSignOut -->
  <testcase classname="testClasses.HomePageTestClass" name="verifySuccessfulSignOut" time="8.091"/>
  <testcase classname="testClasses.HomePageTestClass" name="verifySuccessfulSignOut" time="7.426"/>
  <testcase classname="testClasses.HomePageTestClass" name="verifyTheTooltip_Calculator_isShowingWhileHoveringTheMouseOnCalculator" time="6.984"/>
  <testcase classname="testClasses.HomePageTestClass" name="verifyTheTooltip_Calculator_isShowingWhileHoveringTheMouseOnCalculator" time="6.644"/>
</testsuite> <!-- testClasses.HomePageTestClass -->
