<?xml version="1.0" encoding="UTF-8"?>
<!-- Generated by org.testng.reporters.JUnitReportReporter -->
<testsuite hostname="DESKTOP-CST3LUL" failures="0" tests="14" name="testClasses.LoginPageTestClass" time="63.658" errors="0" timestamp="2024-12-31T11:49:11 IST" skipped="0">
  <testcase classname="testClasses.LoginPageTestClass" name="verifyTheExactURL_OpensWhileHittingTheBaseURL" time="3.148"/>
  <testcase classname="testClasses.LoginPageTestClass" name="verifyTheExactURL_OpensWhileHittingTheBaseURL" time="3.761"/>
  <testcase classname="testClasses.LoginPageTestClass" name="verifyTheRememberMeCheckboxIsSelectedByDefault" time="4.003"/>
  <testcase classname="testClasses.LoginPageTestClass" name="verifyTheRememberMeCheckboxIsSelectedByDefault" time="3.353"/>
  <testcase classname="testClasses.LoginPageTestClass" name="verifyResetPasswordPageComingWhileChickingOnForgotYourPassword" time="4.661"/>
  <testcase classname="testClasses.LoginPageTestClass" name="verifyResetPasswordPageComingWhileChickingOnForgotYourPassword" time="4.142"/>
  <testcase classname="testClasses.LoginPageTestClass" name="verifyUnsuccessfulLoginOfTheSite" time="4.542"/>
  <testcase classname="testClasses.LoginPageTestClass" name="verifyUnsuccessfulLoginOfTheSite" time="4.676"/>
  <testcase classname="testClasses.LoginPageTestClass" name="verifyUnsuccessfulLoginOfTheSite" time="5.327"/>
  <testcase classname="testClasses.LoginPageTestClass" name="verifyUnsuccessfulLoginOfTheSite" time="4.026"/>
  <testcase classname="testClasses.LoginPageTestClass" name="verifyUnsuccessfulLoginOfTheSite" time="4.288"/>
  <testcase classname="testClasses.LoginPageTestClass" name="verifyUnsuccessfulLoginOfTheSite" time="4.793"/>
  <testcase classname="testClasses.LoginPageTestClass" name="verifySuccessfullLogin" time="6.639"/>
  <testcase classname="testClasses.LoginPageTestClass" name="verifySuccessfullLogin" time="6.299"/>
</testsuite> <!-- testClasses.LoginPageTestClass -->
