<?xml version="1.0" encoding="UTF-8"?>
<!-- Generated by org.testng.reporters.JUnitReportReporter -->
<testsuite hostname="DESKTOP-CST3LUL" failures="0" tests="3" name="testClasses.HomePageTestClass" time="26.947" errors="0" timestamp="2025-01-02T14:08:41 IST" skipped="0">
  <testcase classname="testClasses.HomePageTestClass" name="verifyAllTilesDisplayedOnHomePage" time="8.408"/>
  <testcase classname="testClasses.HomePageTestClass" name="verifySuccessfulSignOut" time="11.092"/>
  <testcase classname="testClasses.HomePageTestClass" name="verifyTheTooltip_Calculator_isShowingWhileHoveringTheMouseOnCalculator" time="7.447"/>
</testsuite> <!-- testClasses.HomePageTestClass -->
