<?xml version="1.0" encoding="UTF-8"?>
<!-- Generated by org.testng.reporters.JUnitReportReporter -->
<testsuite hostname="DESKTOP-CST3LUL" failures="0" tests="3" name="testClasses.ManageProductTestClass" time="43.306" errors="0" timestamp="2025-01-02T14:08:41 IST" skipped="0">
  <testcase classname="testClasses.ManageProductTestClass" name="verifyProductsPageIsOpenWhileClickingOnListProducts" time="9.087"/>
  <testcase classname="testClasses.ManageProductTestClass" name="verifyToCreateA_newProduct" time="16.484"/>
  <testcase classname="testClasses.ManageProductTestClass" name="verifyToDeleteAddedProduct" time="17.735"/>
</testsuite> <!-- testClasses.ManageProductTestClass -->
