<?xml version="1.0" encoding="UTF-8"?>
<!-- Generated by org.testng.reporters.JUnitReportReporter -->
<testsuite hostname="DESKTOP-CST3LUL" failures="0" tests="9" name="testClasses.ManageProductTestClass" time="104.741" errors="0" timestamp="2024-12-31T11:49:11 IST" skipped="3">
  <testcase classname="testClasses.ManageProductTestClass" name="verifyProductsPageIsOpenWhileClickingOnListProducts" time="8.418"/>
  <testcase classname="testClasses.ManageProductTestClass" name="verifyProductsPageIsOpenWhileClickingOnListProducts" time="9.210"/>
  <testcase classname="testClasses.ManageProductTestClass" name="verifyProductsPageIsOpenWhileClickingOnListProducts" time="7.055">
    <skipped/>
  </testcase> <!-- verifyProductsPageIsOpenWhileClickingOnListProducts -->
  <testcase classname="testClasses.ManageProductTestClass" name="verifyToCreateA_newProduct" time="15.283"/>
  <testcase classname="testClasses.ManageProductTestClass" name="verifyToCreateA_newProduct" time="16.101"/>
  <testcase classname="testClasses.ManageProductTestClass" name="verifyToDeleteAddedProduct" time="7.138">
    <skipped/>
  </testcase> <!-- verifyToDeleteAddedProduct -->
  <testcase classname="testClasses.ManageProductTestClass" name="verifyToDeleteAddedProduct" time="16.502"/>
  <testcase classname="testClasses.ManageProductTestClass" name="verifyToDeleteAddedProduct" time="17.578"/>
  <testcase classname="testClasses.ManageProductTestClass" name="verifyToDeleteAddedProduct" time="7.456">
    <skipped/>
  </testcase> <!-- verifyToDeleteAddedProduct -->
</testsuite> <!-- testClasses.ManageProductTestClass -->
